{
  "stats": {
    "suites": 4,
    "tests": 11,
    "passes": 11,
    "pending": 0,
    "failures": 0,
    "start": "2021-11-08T12:53:22.171Z",
    "end": "2021-11-08T12:56:36.315Z",
    "duration": 152637,
    "testsRegistered": 11,
    "passPercent": 100,
    "pendingPercent": 0,
    "other": 0,
    "hasOther": false,
    "skipped": 0,
    "hasSkipped": false
  },
  "results": [
    {
      "uuid": "af89d29a-83f2-492d-9db7-9042f88bf8cb",
      "title": "",
      "fullFile": "cypress/integration/catalogue.spec.js",
      "file": "cypress/integration/catalogue.spec.js",
      "beforeHooks": [],
      "afterHooks": [],
      "tests": [],
      "suites": [
        {
          "uuid": "f50bb406-0ae4-4b71-98b5-e0e7f96d8ff5",
          "title": " Catalogue tests",
          "fullFile": "",
          "file": "",
          "beforeHooks": [],
          "afterHooks": [],
          "tests": [
            {
              "title": "should create a new catalogue",
              "fullTitle": " Catalogue tests should create a new catalogue",
              "timedOut": null,
              "duration": 18987,
              "state": "passed",
              "speed": "slow",
              "pass": true,
              "fail": false,
              "pending": false,
              "context": null,
              "code": "cy.wait(8000);\ncy.contains(\"Add New\", {\n  timeout: 15000\n}).click();\ncy.get(\"input[name='CatalogueName']\").type(\"Heavy Items\");\ncy.contains(\"Submit\").click().wait(\"@getSiteInfo\", {\n  timeout: 20000\n}).then(xhr => {\n  cy.log(JSON.stringify(xhr.response));\n  cy.log(JSON.stringify(xhr.response.statusMessage));\n  cy.log(JSON.stringify(xhr.response.body));\n  cy.log(xhr.response.body.newCatalogue);\n  cy.log(xhr.response.body.newCatalogue.UUID);\n  uuid = xhr.response.body.newCatalogue.UUID;\n});\ncy.contains(\"Heavy Items\").should(\"be.visible\");",
              "err": {},
              "uuid": "d0139103-89d1-4a24-9c4e-b5c930ac5a2e",
              "parentUUID": "f50bb406-0ae4-4b71-98b5-e0e7f96d8ff5",
              "isHook": false,
              "skipped": false
            },
            {
              "title": "should update the catalogue",
              "fullTitle": " Catalogue tests should update the catalogue",
              "timedOut": null,
              "duration": 4844,
              "state": "passed",
              "speed": "fast",
              "pass": true,
              "fail": false,
              "pending": false,
              "context": null,
              "code": "cy.wait(2000);\ncy.get(`[data-testid=${uuid}_edit]`).click();\ncy.get(\"input[name='CatalogueName']\").clear();\ncy.get(\"input[name='CatalogueName']\").type(\"Heavy Items_0\");\ncy.contains(\"Submit\").click().wait(\"@updateSiteInfo\", {\n  timeout: 20000\n}).then(xhr => {\n  cy.log(JSON.stringify(xhr.response));\n  cy.log(JSON.stringify(xhr.response.statusMessage));\n  cy.log(JSON.stringify(xhr.response.body));\n  uuid = xhr.response.body.newCatalogue.UUID;\n});\ncy.contains(\"Heavy Items_0\").should(\"be.visible\");",
              "err": {},
              "uuid": "b8c12ddb-0a84-43cd-8750-094f5dc580ea",
              "parentUUID": "f50bb406-0ae4-4b71-98b5-e0e7f96d8ff5",
              "isHook": false,
              "skipped": false
            },
            {
              "title": "should delete a catalogue",
              "fullTitle": " Catalogue tests should delete a catalogue",
              "timedOut": null,
              "duration": 5631,
              "state": "passed",
              "speed": "medium",
              "pass": true,
              "fail": false,
              "pending": false,
              "context": null,
              "code": "cy.wait(2000);\ncy.get(`[data-testid=${uuid}_edit]`).click();\ncy.contains(\"Delete\").click();\ncy.get('button:contains(\"Confirm\")').click().wait(\"@deleteSiteInfo\", {\n  timeout: 20000\n}).then(xhr => {\n  cy.log(JSON.stringify(xhr.response));\n  cy.log(JSON.stringify(xhr.response.statusMessage));\n  cy.log(JSON.stringify(xhr.response.body));\n});\ncy.wait(2000);\ncy.contains(\"Success\", {\n  timeout: 2000\n}).should(\"be.visible\");",
              "err": {},
              "uuid": "5d14564e-52af-46a0-9f1e-4406dfb5578a",
              "parentUUID": "f50bb406-0ae4-4b71-98b5-e0e7f96d8ff5",
              "isHook": false,
              "skipped": false
            }
          ],
          "suites": [],
          "passes": [
            "d0139103-89d1-4a24-9c4e-b5c930ac5a2e",
            "b8c12ddb-0a84-43cd-8750-094f5dc580ea",
            "5d14564e-52af-46a0-9f1e-4406dfb5578a"
          ],
          "failures": [],
          "pending": [],
          "skipped": [],
          "duration": 29462,
          "root": false,
          "rootEmpty": false,
          "_timeout": 2000
        }
      ],
      "passes": [],
      "failures": [],
      "pending": [],
      "skipped": [],
      "duration": 0,
      "root": true,
      "rootEmpty": true,
      "_timeout": 2000
    },
    {
      "uuid": "31b75847-37bf-4bff-aba0-ae439db82aee",
      "title": "",
      "fullFile": "cypress/integration/item.spec.js",
      "file": "cypress/integration/item.spec.js",
      "beforeHooks": [],
      "afterHooks": [],
      "tests": [],
      "suites": [
        {
          "uuid": "8f7087f2-7139-4e00-a5f2-260fa2820182",
          "title": "item tests",
          "fullFile": "",
          "file": "",
          "beforeHooks": [],
          "afterHooks": [],
          "tests": [
            {
              "title": "should create a new item",
              "fullTitle": "item tests should create a new item",
              "timedOut": null,
              "duration": 34374,
              "state": "passed",
              "speed": "slow",
              "pass": true,
              "fail": false,
              "pending": false,
              "context": null,
              "code": "cy.wait(3000);\ncy.contains(\"Add New Item\", {\n  timeout: 15000\n}).click();\ncy.wait(3000);\ncy.get(\"input[name='ItemName']\").type(\"Box\");\ncy.contains(\"Submit\").click().wait(\"@getSiteInfo\", {\n  timeout: 20000\n}).then(xhr => {\n  cy.log(JSON.stringify(xhr.response));\n  cy.log(JSON.stringify(xhr.response.statusMessage));\n  cy.log(JSON.stringify(xhr.response.body));\n});\ncy.contains(\"Box\").should(\"be.visible\");",
              "err": {},
              "uuid": "b8b8e620-d523-4893-b86c-4d7343b5c165",
              "parentUUID": "8f7087f2-7139-4e00-a5f2-260fa2820182",
              "isHook": false,
              "skipped": false
            },
            {
              "title": "should update the item",
              "fullTitle": "item tests should update the item",
              "timedOut": null,
              "duration": 9032,
              "state": "passed",
              "speed": "medium",
              "pass": true,
              "fail": false,
              "pending": false,
              "context": null,
              "code": "cy.wait(3000);\ncy.get(`[data-testid=edit-material]`).click();\ncy.wait(3000);\ncy.get(\"input[name='ItemName']\").clear();\ncy.get(\"input[name='ItemName']\").type(\"Box_0\");\ncy.contains(\"Submit\").click();\ncy.contains(\"Box_0\").should(\"be.visible\", {\n  timeout: 15000\n});",
              "err": {},
              "uuid": "07a3d952-ba24-4e0f-a29e-9a8cdc15ab5f",
              "parentUUID": "8f7087f2-7139-4e00-a5f2-260fa2820182",
              "isHook": false,
              "skipped": false
            },
            {
              "title": "should delete the item",
              "fullTitle": "item tests should delete the item",
              "timedOut": null,
              "duration": 6952,
              "state": "passed",
              "speed": "medium",
              "pass": true,
              "fail": false,
              "pending": false,
              "context": null,
              "code": "cy.wait(3000);\ncy.get(`[data-testid=delete-material]`).click();\ncy.wait(3000);\ncy.contains(\"Are you sure\").should(\"be.visible\");\ncy.get(`[data-testid=check-material]`).click();\ncy.contains(\"Box_0\").should(\"not.exist\", {\n  timeout: 15000\n});",
              "err": {},
              "uuid": "2eedbee4-03e6-4851-a428-45546fafa4ce",
              "parentUUID": "8f7087f2-7139-4e00-a5f2-260fa2820182",
              "isHook": false,
              "skipped": false
            }
          ],
          "suites": [],
          "passes": [
            "b8b8e620-d523-4893-b86c-4d7343b5c165",
            "07a3d952-ba24-4e0f-a29e-9a8cdc15ab5f",
            "2eedbee4-03e6-4851-a428-45546fafa4ce"
          ],
          "failures": [],
          "pending": [],
          "skipped": [],
          "duration": 50358,
          "root": false,
          "rootEmpty": false,
          "_timeout": 2000
        }
      ],
      "passes": [],
      "failures": [],
      "pending": [],
      "skipped": [],
      "duration": 0,
      "root": true,
      "rootEmpty": true,
      "_timeout": 2000
    },
    {
      "uuid": "7865b780-3db4-408f-8568-852f11ce0523",
      "title": "",
      "fullFile": "cypress/integration/reminder.spec.js",
      "file": "cypress/integration/reminder.spec.js",
      "beforeHooks": [],
      "afterHooks": [],
      "tests": [],
      "suites": [
        {
          "uuid": "c44a1ae4-e31b-4e83-b3b1-f8d0623f8e8e",
          "title": "reminder tests",
          "fullFile": "",
          "file": "",
          "beforeHooks": [],
          "afterHooks": [],
          "tests": [
            {
              "title": "should create a new reminder",
              "fullTitle": "reminder tests should create a new reminder",
              "timedOut": null,
              "duration": 33392,
              "state": "passed",
              "speed": "slow",
              "pass": true,
              "fail": false,
              "pending": false,
              "context": null,
              "code": "cy.wait(3000);\ncy.get(`[data-testid=reminder-material]`).click();\ncy.get(`[data-testid=add-material]`).click();\ncy.get(`[aria-label=\"ReminderDate: press space to edit\"]`).click();\ncy.contains(\"OK\", {\n  timeout: 2000\n}).click();\ncy.get(`[aria-label=\"Description\"]`).type(\"Test\");\ncy.get(`[data-testid=check-material]`).click();\ncy.contains(\"Success\").should(\"be.visible\", {\n  timeout: 15000\n});",
              "err": {},
              "uuid": "204358a6-2ff3-43b7-924f-ce8e907f94cc",
              "parentUUID": "c44a1ae4-e31b-4e83-b3b1-f8d0623f8e8e",
              "isHook": false,
              "skipped": false
            },
            {
              "title": "should update the reminder",
              "fullTitle": "reminder tests should update the reminder",
              "timedOut": null,
              "duration": 9138,
              "state": "passed",
              "speed": "medium",
              "pass": true,
              "fail": false,
              "pending": false,
              "context": null,
              "code": "cy.wait(3000);\ncy.get(`[data-testid=edit-material]`).last().click();\ncy.wait(3000);\ncy.get(`[aria-label=\"Description\"]`).clear();\ncy.get(`[aria-label=\"Description\"]`).type(\"Test_1\");\ncy.get(`[data-testid=check-material]`).click();\ncy.contains(\"Test_1\").should(\"be.visible\", {\n  timeout: 15000\n});",
              "err": {},
              "uuid": "20740e19-f566-4db3-91dc-a10ebeaaed66",
              "parentUUID": "c44a1ae4-e31b-4e83-b3b1-f8d0623f8e8e",
              "isHook": false,
              "skipped": false
            },
            {
              "title": "should delete the reminder",
              "fullTitle": "reminder tests should delete the reminder",
              "timedOut": null,
              "duration": 6880,
              "state": "passed",
              "speed": "medium",
              "pass": true,
              "fail": false,
              "pending": false,
              "context": null,
              "code": "cy.wait(3000);\ncy.get(`[data-testid=delete-material]`).last().click();\ncy.wait(3000);\ncy.contains(\"Are you sure\").should(\"be.visible\");\ncy.get(`[data-testid=check-material]`).click();\ncy.contains(\"Test_1\").should(\"not.exist\", {\n  timeout: 15000\n});",
              "err": {},
              "uuid": "8be1b50a-945c-42f4-af16-feaa2ee912d8",
              "parentUUID": "c44a1ae4-e31b-4e83-b3b1-f8d0623f8e8e",
              "isHook": false,
              "skipped": false
            }
          ],
          "suites": [],
          "passes": [
            "204358a6-2ff3-43b7-924f-ce8e907f94cc",
            "20740e19-f566-4db3-91dc-a10ebeaaed66",
            "8be1b50a-945c-42f4-af16-feaa2ee912d8"
          ],
          "failures": [],
          "pending": [],
          "skipped": [],
          "duration": 49410,
          "root": false,
          "rootEmpty": false,
          "_timeout": 2000
        }
      ],
      "passes": [],
      "failures": [],
      "pending": [],
      "skipped": [],
      "duration": 0,
      "root": true,
      "rootEmpty": true,
      "_timeout": 2000
    },
    {
      "uuid": "9a8ad9de-b244-4b1d-af2c-ca76a7711d10",
      "title": "",
      "fullFile": "cypress/integration/login.spec.js",
      "file": "cypress/integration/login.spec.js",
      "beforeHooks": [],
      "afterHooks": [],
      "tests": [],
      "suites": [
        {
          "uuid": "157d0583-4c97-4098-a558-26e3e625a87a",
          "title": "Login tests",
          "fullFile": "",
          "file": "",
          "beforeHooks": [],
          "afterHooks": [],
          "tests": [
            {
              "title": "User should be able to login",
              "fullTitle": "Login tests User should be able to login",
              "timedOut": null,
              "duration": 14217,
              "state": "passed",
              "speed": "slow",
              "pass": true,
              "fail": false,
              "pending": false,
              "context": null,
              "code": "cy.contains('LogIn').click();\ncy.get(\"input[name='email']\").type(Cypress.env(\"TESTUSER\"));\ncy.get(\"input[name='password']\").type(Cypress.env(\"TESTPASS\"));\ncy.get(\"#login-normal\").click();\ncy.contains(\"Add New\", {\n  timeout: 15000\n}).should('be.visible');",
              "err": {},
              "uuid": "37173f27-0261-4dc9-8e53-39f8cb6d7bce",
              "parentUUID": "157d0583-4c97-4098-a558-26e3e625a87a",
              "isHook": false,
              "skipped": false
            },
            {
              "title": "User should be able to login thorugh amazon account",
              "fullTitle": "Login tests User should be able to login thorugh amazon account",
              "timedOut": null,
              "duration": 9190,
              "state": "passed",
              "speed": "medium",
              "pass": true,
              "fail": false,
              "pending": false,
              "context": null,
              "code": "cy.contains('Log In with Amazon').click(); // cy.get(\"input[name='email']\",{timeout:15000}).type(Cypress.env(\"LWAUSER\"))\n// cy.get(\"input[name='password']\").type(Cypress.env(\"LWAPASS\"))\ncy.get(\"#signInSubmit\", {\n  timeout: 15000\n}).should('be.visible'); // cy.contains(\"New Catalogue\",{timeout:15000}).should('be.visible')",
              "err": {},
              "uuid": "594a7dba-0f43-4ae8-bc18-1ed907b4fc47",
              "parentUUID": "157d0583-4c97-4098-a558-26e3e625a87a",
              "isHook": false,
              "skipped": false
            }
          ],
          "suites": [],
          "passes": [
            "37173f27-0261-4dc9-8e53-39f8cb6d7bce",
            "594a7dba-0f43-4ae8-bc18-1ed907b4fc47"
          ],
          "failures": [],
          "pending": [],
          "skipped": [],
          "duration": 23407,
          "root": false,
          "rootEmpty": false,
          "_timeout": 2000
        }
      ],
      "passes": [],
      "failures": [],
      "pending": [],
      "skipped": [],
      "duration": 0,
      "root": true,
      "rootEmpty": true,
      "_timeout": 2000
    }
  ],
  "meta": {
    "mocha": {
      "version": "7.0.1"
    },
    "mochawesome": {
      "options": {
        "quiet": false,
        "reportFilename": "mochawesome",
        "saveHtml": false,
        "saveJson": true,
        "consoleReporter": "spec",
        "useInlineDiffs": false,
        "code": true
      },
      "version": "6.3.1"
    },
    "marge": {
      "options": {
        "id": "default",
        "reportDir": "cypress/reports/mocha",
        "quite": true,
        "overwrite": false,
        "html": false,
        "json": true
      },
      "version": "5.2.0"
    }
  }
}